
  .   ____          _            __ _ _
 /\\ / ___'_ __ _ _(_)_ __  __ _ \ \ \ \
( ( )\___ | '_ | '_| | '_ \/ _` | \ \ \ \
 \\/  ___)| |_)| | | | | || (_| |  ) ) ) )
  '  |____| .__|_| |_|_| |_\__, | / / / /
 =========|_|==============|___/=/_/_/_/
[32m :: Spring Boot :: [39m              [2m (v3.2.0)[0;39m

[2m2025-11-25T22:06:18.109-08:00[0;39m [32m INFO[0;39m [35m47222[0;39m [2m---[0;39m [2m[           main][0;39m [2m[0;39m[36mb.t.server.TrackerServerApplication     [0;39m [2m:[0;39m Starting TrackerServerApplication using Java 24.0.1 with PID 47222 (/Users/manavvakharia/Main/Data - Dell/SCU/Courses/CSEN317 - Distributed Systems/Project/bittorrent/target/java_bittorrent.jar started by manavvakharia in /Users/manavvakharia/Main/Data - Dell/SCU/Courses/CSEN317 - Distributed Systems/Project/bittorrent)
[2m2025-11-25T22:06:18.110-08:00[0;39m [32m INFO[0;39m [35m47222[0;39m [2m---[0;39m [2m[           main][0;39m [2m[0;39m[36mb.t.server.TrackerServerApplication     [0;39m [2m:[0;39m No active profile set, falling back to 1 default profile: "default"
[2m2025-11-25T22:06:18.451-08:00[0;39m [32m INFO[0;39m [35m47222[0;39m [2m---[0;39m [2m[           main][0;39m [2m[0;39m[36m.s.d.r.c.RepositoryConfigurationDelegate[0;39m [2m:[0;39m Bootstrapping Spring Data Redis repositories in DEFAULT mode.
[2m2025-11-25T22:06:18.467-08:00[0;39m [32m INFO[0;39m [35m47222[0;39m [2m---[0;39m [2m[           main][0;39m [2m[0;39m[36m.s.d.r.c.RepositoryConfigurationDelegate[0;39m [2m:[0;39m Finished Spring Data repository scanning in 9 ms. Found 0 Redis repository interfaces.
WARNING: A restricted method in java.lang.System has been called
WARNING: java.lang.System::load has been called by org.apache.tomcat.jni.Library in an unnamed module (file:/Users/manavvakharia/Main/Data%20-%20Dell/SCU/Courses/CSEN317%20-%20Distributed%20Systems/Project/bittorrent/target/java_bittorrent.jar)
WARNING: Use --enable-native-access=ALL-UNNAMED to avoid a warning for callers in this module
WARNING: Restricted methods will be blocked in a future release unless native access is enabled

[2m2025-11-25T22:06:18.777-08:00[0;39m [32m INFO[0;39m [35m47222[0;39m [2m---[0;39m [2m[           main][0;39m [2m[0;39m[36mo.s.b.w.embedded.tomcat.TomcatWebServer [0;39m [2m:[0;39m Tomcat initialized with port 0 (http)
[2m2025-11-25T22:06:18.781-08:00[0;39m [32m INFO[0;39m [35m47222[0;39m [2m---[0;39m [2m[           main][0;39m [2m[0;39m[36mo.apache.catalina.core.StandardService  [0;39m [2m:[0;39m Starting service [Tomcat]
[2m2025-11-25T22:06:18.782-08:00[0;39m [32m INFO[0;39m [35m47222[0;39m [2m---[0;39m [2m[           main][0;39m [2m[0;39m[36mo.apache.catalina.core.StandardEngine   [0;39m [2m:[0;39m Starting Servlet engine: [Apache Tomcat/10.1.16]
[2m2025-11-25T22:06:18.863-08:00[0;39m [32m INFO[0;39m [35m47222[0;39m [2m---[0;39m [2m[           main][0;39m [2m[0;39m[36mo.a.c.c.C.[Tomcat].[localhost].[/]      [0;39m [2m:[0;39m Initializing Spring embedded WebApplicationContext
[2m2025-11-25T22:06:18.864-08:00[0;39m [32m INFO[0;39m [35m47222[0;39m [2m---[0;39m [2m[           main][0;39m [2m[0;39m[36mw.s.c.ServletWebServerApplicationContext[0;39m [2m:[0;39m Root WebApplicationContext: initialization completed in 734 ms
WARNING: A terminally deprecated method in sun.misc.Unsafe has been called
WARNING: sun.misc.Unsafe::objectFieldOffset has been called by io.netty.util.internal.PlatformDependent0$4 (file:/Users/manavvakharia/Main/Data%20-%20Dell/SCU/Courses/CSEN317%20-%20Distributed%20Systems/Project/bittorrent/target/java_bittorrent.jar)
WARNING: Please consider reporting this to the maintainers of class io.netty.util.internal.PlatformDependent0$4
WARNING: sun.misc.Unsafe::objectFieldOffset will be removed in a future release
[2m2025-11-25T22:06:19.371-08:00[0;39m [32m INFO[0;39m [35m47222[0;39m [2m---[0;39m [2m[           main][0;39m [2m[0;39m[36mo.s.b.w.embedded.tomcat.TomcatWebServer [0;39m [2m:[0;39m Tomcat started on port 50019 (http) with context path ''
[2m2025-11-25T22:06:19.372-08:00[0;39m [32m INFO[0;39m [35m47222[0;39m [2m---[0;39m [2m[           main][0;39m [2m[0;39m[36mb.t.server.TrackerServerApplication     [0;39m [2m:[0;39m Started TrackerServerApplication in 1.436 seconds (process running for 1.642)
Tracker: Registering self (port 50019) with Load Balancer...
Tracker: Registration successful!
[2m2025-11-25T22:06:32.771-08:00[0;39m [32m INFO[0;39m [35m47222[0;39m [2m---[0;39m [2m[o-auto-1-exec-1][0;39m [2m[0;39m[36mo.a.c.c.C.[Tomcat].[localhost].[/]      [0;39m [2m:[0;39m Initializing Spring DispatcherServlet 'dispatcherServlet'
[2m2025-11-25T22:06:32.771-08:00[0;39m [32m INFO[0;39m [35m47222[0;39m [2m---[0;39m [2m[o-auto-1-exec-1][0;39m [2m[0;39m[36mo.s.web.servlet.DispatcherServlet       [0;39m [2m:[0;39m Initializing Servlet 'dispatcherServlet'
[2m2025-11-25T22:06:32.772-08:00[0;39m [32m INFO[0;39m [35m47222[0;39m [2m---[0;39m [2m[o-auto-1-exec-1][0;39m [2m[0;39m[36mo.s.web.servlet.DispatcherServlet       [0;39m [2m:[0;39m Completed initialization in 1 ms
