
  .   ____          _            __ _ _
 /\\ / ___'_ __ _ _(_)_ __  __ _ \ \ \ \
( ( )\___ | '_ | '_| | '_ \/ _` | \ \ \ \
 \\/  ___)| |_)| | | | | || (_| |  ) ) ) )
  '  |____| .__|_| |_|_| |_\__, | / / / /
 =========|_|==============|___/=/_/_/_/
[32m :: Spring Boot :: [39m              [2m (v3.2.0)[0;39m

[2m2025-11-25T23:50:22.033-08:00[0;39m [32m INFO[0;39m [35m54148[0;39m [2m---[0;39m [2m[           main][0;39m [2m[0;39m[36mb.t.server.TrackerServerApplication     [0;39m [2m:[0;39m Starting TrackerServerApplication using Java 24.0.1 with PID 54148 (/Users/manavvakharia/Main/Data - Dell/SCU/Courses/CSEN317 - Distributed Systems/Project/bittorrent/target/java_bittorrent.jar started by manavvakharia in /Users/manavvakharia/Main/Data - Dell/SCU/Courses/CSEN317 - Distributed Systems/Project/bittorrent)
[2m2025-11-25T23:50:22.034-08:00[0;39m [32m INFO[0;39m [35m54148[0;39m [2m---[0;39m [2m[           main][0;39m [2m[0;39m[36mb.t.server.TrackerServerApplication     [0;39m [2m:[0;39m No active profile set, falling back to 1 default profile: "default"
WARNING: A restricted method in java.lang.System has been called
WARNING: java.lang.System::load has been called by org.apache.tomcat.jni.Library in an unnamed module (file:/Users/manavvakharia/Main/Data%20-%20Dell/SCU/Courses/CSEN317%20-%20Distributed%20Systems/Project/bittorrent/target/java_bittorrent.jar)
WARNING: Use --enable-native-access=ALL-UNNAMED to avoid a warning for callers in this module
WARNING: Restricted methods will be blocked in a future release unless native access is enabled

[2m2025-11-25T23:50:22.317-08:00[0;39m [32m INFO[0;39m [35m54148[0;39m [2m---[0;39m [2m[           main][0;39m [2m[0;39m[36mo.s.b.w.embedded.tomcat.TomcatWebServer [0;39m [2m:[0;39m Tomcat initialized with port 8080 (http)
[2m2025-11-25T23:50:22.320-08:00[0;39m [32m INFO[0;39m [35m54148[0;39m [2m---[0;39m [2m[           main][0;39m [2m[0;39m[36mo.apache.catalina.core.StandardService  [0;39m [2m:[0;39m Starting service [Tomcat]
[2m2025-11-25T23:50:22.320-08:00[0;39m [32m INFO[0;39m [35m54148[0;39m [2m---[0;39m [2m[           main][0;39m [2m[0;39m[36mo.apache.catalina.core.StandardEngine   [0;39m [2m:[0;39m Starting Servlet engine: [Apache Tomcat/10.1.16]
[2m2025-11-25T23:50:22.351-08:00[0;39m [32m INFO[0;39m [35m54148[0;39m [2m---[0;39m [2m[           main][0;39m [2m[0;39m[36mo.a.c.c.C.[Tomcat].[localhost].[/]      [0;39m [2m:[0;39m Initializing Spring embedded WebApplicationContext
[2m2025-11-25T23:50:22.352-08:00[0;39m [32m INFO[0;39m [35m54148[0;39m [2m---[0;39m [2m[           main][0;39m [2m[0;39m[36mw.s.c.ServletWebServerApplicationContext[0;39m [2m:[0;39m Root WebApplicationContext: initialization completed in 305 ms
Loaded 1 swarms from storage.
[2m2025-11-25T23:50:22.513-08:00[0;39m [32m INFO[0;39m [35m54148[0;39m [2m---[0;39m [2m[           main][0;39m [2m[0;39m[36mo.s.b.w.embedded.tomcat.TomcatWebServer [0;39m [2m:[0;39m Tomcat started on port 8080 (http) with context path ''
[2m2025-11-25T23:50:22.514-08:00[0;39m [32m INFO[0;39m [35m54148[0;39m [2m---[0;39m [2m[           main][0;39m [2m[0;39m[36mb.t.server.TrackerServerApplication     [0;39m [2m:[0;39m Started TrackerServerApplication in 0.595 seconds (process running for 0.684)
[2m2025-11-25T23:50:47.934-08:00[0;39m [32m INFO[0;39m [35m54148[0;39m [2m---[0;39m [2m[nio-8080-exec-1][0;39m [2m[0;39m[36mo.a.c.c.C.[Tomcat].[localhost].[/]      [0;39m [2m:[0;39m Initializing Spring DispatcherServlet 'dispatcherServlet'
[2m2025-11-25T23:50:47.934-08:00[0;39m [32m INFO[0;39m [35m54148[0;39m [2m---[0;39m [2m[nio-8080-exec-1][0;39m [2m[0;39m[36mo.s.web.servlet.DispatcherServlet       [0;39m [2m:[0;39m Initializing Servlet 'dispatcherServlet'
[2m2025-11-25T23:50:47.934-08:00[0;39m [32m INFO[0;39m [35m54148[0;39m [2m---[0;39m [2m[nio-8080-exec-1][0;39m [2m[0;39m[36mo.s.web.servlet.DispatcherServlet       [0;39m [2m:[0;39m Completed initialization in 0 ms
Saved tracker data to storage.
