[INFO] Scanning for projects...
[WARNING] 
[WARNING] Some problems were encountered while building the effective model for io.codecrafters:build-your-own-bittorrent:jar:1.0
[WARNING] 'build.plugins.plugin.(groupId:artifactId)' must be unique but found duplicate declaration of plugin org.springframework.boot:spring-boot-maven-plugin @ line 95, column 12
[WARNING] 
[WARNING] It is highly recommended to fix these problems because they threaten the stability of your build.
[WARNING] 
[WARNING] For this reason, future Maven versions might no longer support building such malformed projects.
[WARNING] 
[INFO] 
[INFO] -------------< io.codecrafters:build-your-own-bittorrent >--------------
[INFO] Building build-your-own-bittorrent 1.0
[INFO]   from pom.xml
[INFO] --------------------------------[ jar ]---------------------------------
[INFO] 
[INFO] >>> spring-boot:3.2.0:run (default-cli) > test-compile @ build-your-own-bittorrent >>>
[INFO] 
[INFO] --- resources:3.3.1:resources (default-resources) @ build-your-own-bittorrent ---
[INFO] Copying 1 resource from src/main/resources to target/classes
[INFO] Copying 3 resources from src/main/resources to target/classes
[INFO] 
[INFO] --- compiler:3.11.0:compile (default-compile) @ build-your-own-bittorrent ---
[INFO] Nothing to compile - all classes are up to date
[INFO] 
[INFO] --- resources:3.3.1:testResources (default-testResources) @ build-your-own-bittorrent ---
[INFO] skip non existing resourceDirectory /Users/manavvakharia/Main/Data - Dell/SCU/Courses/CSEN317 - Distributed Systems/Project/bittorrent/src/test/resources
[INFO] 
[INFO] --- compiler:3.11.0:testCompile (default-testCompile) @ build-your-own-bittorrent ---
[INFO] No sources to compile
[INFO] 
[INFO] <<< spring-boot:3.2.0:run (default-cli) < test-compile @ build-your-own-bittorrent <<<
[INFO] 
[INFO] 
[INFO] --- spring-boot:3.2.0:run (default-cli) @ build-your-own-bittorrent ---
[INFO] Attaching agents: []

  .   ____          _            __ _ _
 /\\ / ___'_ __ _ _(_)_ __  __ _ \ \ \ \
( ( )\___ | '_ | '_| | '_ \/ _` | \ \ \ \
 \\/  ___)| |_)| | | | | || (_| |  ) ) ) )
  '  |____| .__|_| |_|_| |_\__, | / / / /
 =========|_|==============|___/=/_/_/_/
[32m :: Spring Boot :: [39m              [2m (v3.2.0)[0;39m

[2m2025-12-01T19:02:22.241-08:00[0;39m [32m INFO[0;39m [35m94651[0;39m [2m---[0;39m [2m[           main][0;39m [2m[0;39m[36mbittorrent.BitTorrentApplication        [0;39m [2m:[0;39m Starting BitTorrentApplication using Java 23.0.2 with PID 94651 (/Users/manavvakharia/Main/Data - Dell/SCU/Courses/CSEN317 - Distributed Systems/Project/bittorrent/target/classes started by manavvakharia in /Users/manavvakharia/Main/Data - Dell/SCU/Courses/CSEN317 - Distributed Systems/Project/bittorrent)
[2m2025-12-01T19:02:22.242-08:00[0;39m [32m INFO[0;39m [35m94651[0;39m [2m---[0;39m [2m[           main][0;39m [2m[0;39m[36mbittorrent.BitTorrentApplication        [0;39m [2m:[0;39m No active profile set, falling back to 1 default profile: "default"
[2m2025-12-01T19:02:22.519-08:00[0;39m [32m INFO[0;39m [35m94651[0;39m [2m---[0;39m [2m[           main][0;39m [2m[0;39m[36mo.s.b.w.embedded.tomcat.TomcatWebServer [0;39m [2m:[0;39m Tomcat initialized with port 8081 (http)
[2m2025-12-01T19:02:22.522-08:00[0;39m [32m INFO[0;39m [35m94651[0;39m [2m---[0;39m [2m[           main][0;39m [2m[0;39m[36mo.apache.catalina.core.StandardService  [0;39m [2m:[0;39m Starting service [Tomcat]
[2m2025-12-01T19:02:22.522-08:00[0;39m [32m INFO[0;39m [35m94651[0;39m [2m---[0;39m [2m[           main][0;39m [2m[0;39m[36mo.apache.catalina.core.StandardEngine   [0;39m [2m:[0;39m Starting Servlet engine: [Apache Tomcat/10.1.16]
[2m2025-12-01T19:02:22.540-08:00[0;39m [32m INFO[0;39m [35m94651[0;39m [2m---[0;39m [2m[           main][0;39m [2m[0;39m[36mo.a.c.c.C.[Tomcat].[localhost].[/]      [0;39m [2m:[0;39m Initializing Spring embedded WebApplicationContext
[2m2025-12-01T19:02:22.540-08:00[0;39m [32m INFO[0;39m [35m94651[0;39m [2m---[0;39m [2m[           main][0;39m [2m[0;39m[36mw.s.c.ServletWebServerApplicationContext[0;39m [2m:[0;39m Root WebApplicationContext: initialization completed in 280 ms
Loaded 0 swarms from /Users/manavvakharia/.bittorrent-peer-6881/known_peers.json
PeerServer listening on port 6881
Loaded 1 swarms from storage.
[2m2025-12-01T19:02:22.668-08:00[0;39m [32m INFO[0;39m [35m94651[0;39m [2m---[0;39m [2m[           main][0;39m [2m[0;39m[36mo.s.b.a.w.s.WelcomePageHandlerMapping   [0;39m [2m:[0;39m Adding welcome page: class path resource [static/index.html]
[2m2025-12-01T19:02:22.737-08:00[0;39m [32m INFO[0;39m [35m94651[0;39m [2m---[0;39m [2m[           main][0;39m [2m[0;39m[36mo.s.b.w.embedded.tomcat.TomcatWebServer [0;39m [2m:[0;39m Tomcat started on port 8081 (http) with context path ''
[2m2025-12-01T19:02:22.739-08:00[0;39m [32m INFO[0;39m [35m94651[0;39m [2m---[0;39m [2m[           main][0;39m [2m[0;39m[36mbittorrent.BitTorrentApplication        [0;39m [2m:[0;39m Started BitTorrentApplication in 0.612 seconds (process running for 0.718)
Saved 0 swarms to /Users/manavvakharia/.bittorrent-peer-6881/known_peers.json
Saved tracker data to storage.
